[debug] [2026-02-08T02:40:28.269Z] ----------------------------------------------------------------------
[debug] [2026-02-08T02:40:28.281Z] Command:       /opt/homebrew/Cellar/node/23.7.0/bin/node /Users/dane/Library/pnpm/global/5/.pnpm/firebase-tools@15.5.1_@types+node@25.2.1_encoding@0.1.13_typescript@5.9.3/node_modules/firebase-tools/lib/bin/firebase.js init apphosting
[debug] [2026-02-08T02:40:28.282Z] CLI Version:   15.5.1
[debug] [2026-02-08T02:40:28.282Z] Platform:      darwin
[debug] [2026-02-08T02:40:28.283Z] Node Version:  v23.7.0
[debug] [2026-02-08T02:40:28.283Z] Time:          Sat Feb 07 2026 21:40:28 GMT-0500 (Eastern Standard Time)
[debug] [2026-02-08T02:40:28.283Z] ----------------------------------------------------------------------
[debug] 
[info] 
     ######## #### ########  ######## ########     ###     ######  ########
     ##        ##  ##     ## ##       ##     ##  ##   ##  ##       ##
     ######    ##  ########  ######   ########  #########  ######  ######
     ##        ##  ##    ##  ##       ##     ## ##     ##       ## ##
     ##       #### ##     ## ######## ########  ##     ##  ######  ########

You're about to initialize a Firebase project in this directory:

  /Users/dane/Development/writual_client/apps/web

[info] 
=== Project Setup
[info] 
[info] First, let's associate this project directory with a Firebase project.
[info] You can create multiple project aliases by running firebase use --add, 
[info] 
[debug] [2026-02-08T02:40:29.212Z] > command requires scopes: ["email","openid","https://www.googleapis.com/auth/cloudplatformprojects.readonly","https://www.googleapis.com/auth/firebase","https://www.googleapis.com/auth/cloud-platform"]
[debug] [2026-02-08T02:40:29.212Z] > authorizing via signed-in user (rory.garcia1@gmail.com)
[debug] [2026-02-08T02:40:29.213Z] Checked if tokens are valid: true, expires at: 1770520371533
[debug] [2026-02-08T02:40:29.213Z] Checked if tokens are valid: true, expires at: 1770520371533
[debug] [2026-02-08T02:40:29.214Z] >>> [apiv2][query] GET https://firebase.googleapis.com/v1beta1/projects/writual-9ea2b [none]
[debug] [2026-02-08T02:40:29.556Z] <<< [apiv2][status] GET https://firebase.googleapis.com/v1beta1/projects/writual-9ea2b 200
[debug] [2026-02-08T02:40:29.557Z] <<< [apiv2][body] GET https://firebase.googleapis.com/v1beta1/projects/writual-9ea2b {"projectId":"writual-9ea2b","projectNumber":"410106552173","displayName":"Writual","name":"projects/writual-9ea2b","resources":{"hostingSite":"writual-9ea2b","realtimeDatabaseInstance":"writual-9ea2b"},"state":"ACTIVE","etag":"1_d8522dff-fa00-4b82-beb1-c920626b5294"}
[info] i  Using project writual-9ea2b (Writual) . 
[info] 
=== App Hosting Setup
[debug] [2026-02-08T02:40:29.563Z] Checked if tokens are valid: true, expires at: 1770520371533
[debug] [2026-02-08T02:40:29.563Z] Checked if tokens are valid: true, expires at: 1770520371533
[debug] [2026-02-08T02:40:29.564Z] >>> [apiv2][query] GET https://cloudbilling.googleapis.com/v1/projects/writual-9ea2b/billingInfo [none]
[debug] [2026-02-08T02:40:29.738Z] <<< [apiv2][status] GET https://cloudbilling.googleapis.com/v1/projects/writual-9ea2b/billingInfo 200
[debug] [2026-02-08T02:40:29.738Z] <<< [apiv2][body] GET https://cloudbilling.googleapis.com/v1/projects/writual-9ea2b/billingInfo {"name":"projects/writual-9ea2b/billingInfo","projectId":"writual-9ea2b","billingAccountName":"billingAccounts/01D86F-B9FAD5-036A16","billingEnabled":true}
[debug] [2026-02-08T02:40:29.739Z] Checked if tokens are valid: true, expires at: 1770520371533
[debug] [2026-02-08T02:40:29.739Z] Checked if tokens are valid: true, expires at: 1770520371533
[debug] [2026-02-08T02:40:29.739Z] >>> [apiv2][query] POST https://iam.googleapis.com/v1/projects/writual-9ea2b/serviceAccounts/firebase-app-hosting-compute@writual-9ea2b.iam.gserviceaccount.com:testIamPermissions [none]
[debug] [2026-02-08T02:40:29.739Z] >>> [apiv2][(partial)header] POST https://iam.googleapis.com/v1/projects/writual-9ea2b/serviceAccounts/firebase-app-hosting-compute@writual-9ea2b.iam.gserviceaccount.com:testIamPermissions  x-goog-user-project=writual-9ea2b
[debug] [2026-02-08T02:40:29.739Z] >>> [apiv2][body] POST https://iam.googleapis.com/v1/projects/writual-9ea2b/serviceAccounts/firebase-app-hosting-compute@writual-9ea2b.iam.gserviceaccount.com:testIamPermissions {"permissions":["iam.serviceAccounts.actAs"]}
[debug] [2026-02-08T02:40:29.966Z] <<< [apiv2][status] POST https://iam.googleapis.com/v1/projects/writual-9ea2b/serviceAccounts/firebase-app-hosting-compute@writual-9ea2b.iam.gserviceaccount.com:testIamPermissions 200
[debug] [2026-02-08T02:40:29.966Z] <<< [apiv2][body] POST https://iam.googleapis.com/v1/projects/writual-9ea2b/serviceAccounts/firebase-app-hosting-compute@writual-9ea2b.iam.gserviceaccount.com:testIamPermissions {"permissions":["iam.serviceAccounts.actAs"]}
[debug] [2026-02-08T02:40:29.967Z] Checked if tokens are valid: true, expires at: 1770520371533
[debug] [2026-02-08T02:40:29.967Z] Checked if tokens are valid: true, expires at: 1770520371533
[debug] [2026-02-08T02:40:29.967Z] >>> [apiv2][query] POST https://iam.googleapis.com/v1/projects/writual-9ea2b/serviceAccounts [none]
[debug] [2026-02-08T02:40:29.967Z] >>> [apiv2][body] POST https://iam.googleapis.com/v1/projects/writual-9ea2b/serviceAccounts {"accountId":"firebase-app-hosting-compute","serviceAccount":{"displayName":"Firebase App Hosting compute service account","description":"Default service account used to run builds and deploys for Firebase App Hosting"}}
[debug] [2026-02-08T02:40:30.163Z] <<< [apiv2][status] POST https://iam.googleapis.com/v1/projects/writual-9ea2b/serviceAccounts 409
[debug] [2026-02-08T02:40:30.164Z] <<< [apiv2][body] POST https://iam.googleapis.com/v1/projects/writual-9ea2b/serviceAccounts [omitted]
[debug] [2026-02-08T02:40:30.165Z] Checked if tokens are valid: true, expires at: 1770520371533
[debug] [2026-02-08T02:40:30.165Z] Checked if tokens are valid: true, expires at: 1770520371533
[debug] [2026-02-08T02:40:30.166Z] >>> [apiv2][query] POST https://cloudresourcemanager.googleapis.com/v1/projects/writual-9ea2b:getIamPolicy [none]
[debug] [2026-02-08T02:40:30.440Z] <<< [apiv2][status] POST https://cloudresourcemanager.googleapis.com/v1/projects/writual-9ea2b:getIamPolicy 200
[debug] [2026-02-08T02:40:30.440Z] <<< [apiv2][body] POST https://cloudresourcemanager.googleapis.com/v1/projects/writual-9ea2b:getIamPolicy {"version":1,"etag":"BwZKQgFwK9Y=","bindings":[{"role":"roles/artifactregistry.serviceAgent","members":["serviceAccount:service-410106552173@gcp-sa-artifactregistry.iam.gserviceaccount.com"]},{"role":"roles/cloudbuild.builds.builder","members":["serviceAccount:410106552173@cloudbuild.gserviceaccount.com"]},{"role":"roles/cloudbuild.serviceAgent","members":["serviceAccount:service-410106552173@gcp-sa-cloudbuild.iam.gserviceaccount.com"]},{"role":"roles/cloudfunctions.serviceAgent","members":["serviceAccount:service-410106552173@gcf-admin-robot.iam.gserviceaccount.com"]},{"role":"roles/containerregistry.ServiceAgent","members":["serviceAccount:service-410106552173@containerregistry.iam.gserviceaccount.com"]},{"role":"roles/developerconnect.readTokenAccessor","members":["serviceAccount:firebase-app-hosting-compute@writual-9ea2b.iam.gserviceaccount.com"]},{"role":"roles/editor","members":["serviceAccount:410106552173-compute@developer.gserviceaccount.com","serviceAccount:410106552173@cloudservices.gserviceaccount.com","serviceAccount:writual-9ea2b@appspot.gserviceaccount.com"]},{"role":"roles/firebase.managementServiceAgent","members":["serviceAccount:firebase-service-account@firebase-sa-management.iam.gserviceaccount.com","serviceAccount:service-410106552173@gcp-sa-firebase.iam.gserviceaccount.com"]},{"role":"roles/firebase.sdkAdminServiceAgent","members":["serviceAccount:firebase-adminsdk-kw0ke@writual-9ea2b.iam.gserviceaccount.com","serviceAccount:firebase-app-hosting-compute@writual-9ea2b.iam.gserviceaccount.com"]},{"role":"roles/firebaseapphosting.computeRunner","members":["serviceAccount:firebase-app-hosting-compute@writual-9ea2b.iam.gserviceaccount.com"]},{"role":"roles/firebaseapphosting.serviceAgent","members":["serviceAccount:service-410106552173@gcp-sa-firebaseapphosting.iam.gserviceaccount.com"]},{"role":"roles/firebasemods.serviceAgent","members":["serviceAccount:service-410106552173@gcp-sa-firebasemods.iam.gserviceaccount.com"]},{"role":"roles/firebaserules.system","members":["serviceAccount:service-410106552173@firebase-rules.iam.gserviceaccount.com"]},{"role":"roles/iam.serviceAccountTokenCreator","members":["serviceAccount:firebase-adminsdk-kw0ke@writual-9ea2b.iam.gserviceaccount.com"]},{"role":"roles/owner","members":["user:Rory.Garcia1@gmail.com"]},{"role":"roles/run.serviceAgent","members":["serviceAccount:service-410106552173@serverless-robot-prod.iam.gserviceaccount.com"]},{"role":"roles/storage.objectViewer","members":["serviceAccount:firebase-app-hosting-compute@writual-9ea2b.iam.gserviceaccount.com"]}]}
[debug] [2026-02-08T02:40:30.440Z] Checked if tokens are valid: true, expires at: 1770520371533
[debug] [2026-02-08T02:40:30.440Z] Checked if tokens are valid: true, expires at: 1770520371533
[debug] [2026-02-08T02:40:30.441Z] >>> [apiv2][query] POST https://cloudresourcemanager.googleapis.com/v1/projects/writual-9ea2b:setIamPolicy [none]
[debug] [2026-02-08T02:40:30.441Z] >>> [apiv2][body] POST https://cloudresourcemanager.googleapis.com/v1/projects/writual-9ea2b:setIamPolicy {"policy":{"version":1,"etag":"BwZKQgFwK9Y=","bindings":[{"role":"roles/artifactregistry.serviceAgent","members":["serviceAccount:service-410106552173@gcp-sa-artifactregistry.iam.gserviceaccount.com"]},{"role":"roles/cloudbuild.builds.builder","members":["serviceAccount:410106552173@cloudbuild.gserviceaccount.com"]},{"role":"roles/cloudbuild.serviceAgent","members":["serviceAccount:service-410106552173@gcp-sa-cloudbuild.iam.gserviceaccount.com"]},{"role":"roles/cloudfunctions.serviceAgent","members":["serviceAccount:service-410106552173@gcf-admin-robot.iam.gserviceaccount.com"]},{"role":"roles/containerregistry.ServiceAgent","members":["serviceAccount:service-410106552173@containerregistry.iam.gserviceaccount.com"]},{"role":"roles/developerconnect.readTokenAccessor","members":["serviceAccount:firebase-app-hosting-compute@writual-9ea2b.iam.gserviceaccount.com"]},{"role":"roles/editor","members":["serviceAccount:410106552173-compute@developer.gserviceaccount.com","serviceAccount:410106552173@cloudservices.gserviceaccount.com","serviceAccount:writual-9ea2b@appspot.gserviceaccount.com"]},{"role":"roles/firebase.managementServiceAgent","members":["serviceAccount:firebase-service-account@firebase-sa-management.iam.gserviceaccount.com","serviceAccount:service-410106552173@gcp-sa-firebase.iam.gserviceaccount.com"]},{"role":"roles/firebase.sdkAdminServiceAgent","members":["serviceAccount:firebase-adminsdk-kw0ke@writual-9ea2b.iam.gserviceaccount.com","serviceAccount:firebase-app-hosting-compute@writual-9ea2b.iam.gserviceaccount.com"]},{"role":"roles/firebaseapphosting.computeRunner","members":["serviceAccount:firebase-app-hosting-compute@writual-9ea2b.iam.gserviceaccount.com"]},{"role":"roles/firebaseapphosting.serviceAgent","members":["serviceAccount:service-410106552173@gcp-sa-firebaseapphosting.iam.gserviceaccount.com"]},{"role":"roles/firebasemods.serviceAgent","members":["serviceAccount:service-410106552173@gcp-sa-firebasemods.iam.gserviceaccount.com"]},{"role":"roles/firebaserules.system","members":["serviceAccount:service-410106552173@firebase-rules.iam.gserviceaccount.com"]},{"role":"roles/iam.serviceAccountTokenCreator","members":["serviceAccount:firebase-adminsdk-kw0ke@writual-9ea2b.iam.gserviceaccount.com"]},{"role":"roles/owner","members":["user:Rory.Garcia1@gmail.com"]},{"role":"roles/run.serviceAgent","members":["serviceAccount:service-410106552173@serverless-robot-prod.iam.gserviceaccount.com"]},{"role":"roles/storage.objectViewer","members":["serviceAccount:firebase-app-hosting-compute@writual-9ea2b.iam.gserviceaccount.com"]}]},"updateMask":"bindings"}
[debug] [2026-02-08T02:40:31.128Z] <<< [apiv2][status] POST https://cloudresourcemanager.googleapis.com/v1/projects/writual-9ea2b:setIamPolicy 200
[debug] [2026-02-08T02:40:31.129Z] <<< [apiv2][body] POST https://cloudresourcemanager.googleapis.com/v1/projects/writual-9ea2b:setIamPolicy {"version":1,"etag":"BwZKRvInLig=","bindings":[{"role":"roles/artifactregistry.serviceAgent","members":["serviceAccount:service-410106552173@gcp-sa-artifactregistry.iam.gserviceaccount.com"]},{"role":"roles/cloudbuild.builds.builder","members":["serviceAccount:410106552173@cloudbuild.gserviceaccount.com"]},{"role":"roles/cloudbuild.serviceAgent","members":["serviceAccount:service-410106552173@gcp-sa-cloudbuild.iam.gserviceaccount.com"]},{"role":"roles/cloudfunctions.serviceAgent","members":["serviceAccount:service-410106552173@gcf-admin-robot.iam.gserviceaccount.com"]},{"role":"roles/containerregistry.ServiceAgent","members":["serviceAccount:service-410106552173@containerregistry.iam.gserviceaccount.com"]},{"role":"roles/developerconnect.readTokenAccessor","members":["serviceAccount:firebase-app-hosting-compute@writual-9ea2b.iam.gserviceaccount.com"]},{"role":"roles/editor","members":["serviceAccount:410106552173-compute@developer.gserviceaccount.com","serviceAccount:410106552173@cloudservices.gserviceaccount.com","serviceAccount:writual-9ea2b@appspot.gserviceaccount.com"]},{"role":"roles/firebase.managementServiceAgent","members":["serviceAccount:firebase-service-account@firebase-sa-management.iam.gserviceaccount.com","serviceAccount:service-410106552173@gcp-sa-firebase.iam.gserviceaccount.com"]},{"role":"roles/firebase.sdkAdminServiceAgent","members":["serviceAccount:firebase-adminsdk-kw0ke@writual-9ea2b.iam.gserviceaccount.com","serviceAccount:firebase-app-hosting-compute@writual-9ea2b.iam.gserviceaccount.com"]},{"role":"roles/firebaseapphosting.computeRunner","members":["serviceAccount:firebase-app-hosting-compute@writual-9ea2b.iam.gserviceaccount.com"]},{"role":"roles/firebaseapphosting.serviceAgent","members":["serviceAccount:service-410106552173@gcp-sa-firebaseapphosting.iam.gserviceaccount.com"]},{"role":"roles/firebasemods.serviceAgent","members":["serviceAccount:service-410106552173@gcp-sa-firebasemods.iam.gserviceaccount.com"]},{"role":"roles/firebaserules.system","members":["serviceAccount:service-410106552173@firebase-rules.iam.gserviceaccount.com"]},{"role":"roles/iam.serviceAccountTokenCreator","members":["serviceAccount:firebase-adminsdk-kw0ke@writual-9ea2b.iam.gserviceaccount.com"]},{"role":"roles/owner","members":["user:Rory.Garcia1@gmail.com"]},{"role":"roles/run.serviceAgent","members":["serviceAccount:service-410106552173@serverless-robot-prod.iam.gserviceaccount.com"]},{"role":"roles/storage.objectViewer","members":["serviceAccount:firebase-app-hosting-compute@writual-9ea2b.iam.gserviceaccount.com"]}]}
[info] i  This command links your local project to Firebase App Hosting. You will be able to deploy your web app with `firebase deploy` after setup. 
[debug] [2026-02-08T02:43:00.851Z] ExitPromptError: User force closed the prompt with SIGINT
    at Interface.sigint (/Users/dane/Library/pnpm/global/5/.pnpm/@inquirer+core@10.3.2_@types+node@25.2.1/node_modules/@inquirer/core/dist/commonjs/lib/create-prompt.js:101:37)
    at Interface.emit (node:events:507:28)
    at [_ttyWrite] [as _ttyWrite] (node:internal/readline/interface:1125:18)
    at ReadStream.onkeypress (node:internal/readline/interface:264:20)
    at ReadStream.emit (node:events:519:35)
    at emitKeys (node:internal/readline/utils:370:14)
    at emitKeys.next (<anonymous>)
    at ReadStream.onData (node:internal/readline/emitKeypressEvents:64:36)
    at ReadStream.emit (node:events:507:28)
    at addChunk (node:internal/streams/readable:559:12)
[error] 
[error] Error: An unexpected error has occurred.
