[debug] [2026-02-08T04:36:00.774Z] ----------------------------------------------------------------------
[debug] [2026-02-08T04:36:00.777Z] Command:       /opt/homebrew/Cellar/node/23.7.0/bin/node /Users/dane/Development/writual_client/node_modules/firebase-tools/lib/bin/firebase.js deploy --only apphosting --debug
[debug] [2026-02-08T04:36:00.777Z] CLI Version:   15.5.1
[debug] [2026-02-08T04:36:00.777Z] Platform:      darwin
[debug] [2026-02-08T04:36:00.777Z] Node Version:  v23.7.0
[debug] [2026-02-08T04:36:00.777Z] Time:          Sat Feb 07 2026 23:36:00 GMT-0500 (Eastern Standard Time)
[debug] [2026-02-08T04:36:00.777Z] ----------------------------------------------------------------------
[debug] 
[debug] [2026-02-08T04:36:01.437Z] > command requires scopes: ["email","openid","https://www.googleapis.com/auth/cloudplatformprojects.readonly","https://www.googleapis.com/auth/firebase","https://www.googleapis.com/auth/cloud-platform"]
[debug] [2026-02-08T04:36:01.437Z] > authorizing via signed-in user (rory.garcia1@gmail.com)
[debug] [2026-02-08T04:36:01.437Z] [iam] checking project writual-9ea2b for permissions ["firebase.projects.get",null]
[debug] [2026-02-08T04:36:01.438Z] Checked if tokens are valid: true, expires at: 1770527270855
[debug] [2026-02-08T04:36:01.438Z] Checked if tokens are valid: true, expires at: 1770527270855
[debug] [2026-02-08T04:36:01.438Z] >>> [apiv2][query] POST https://cloudresourcemanager.googleapis.com/v1/projects/writual-9ea2b:testIamPermissions [none]
[debug] [2026-02-08T04:36:01.438Z] >>> [apiv2][(partial)header] POST https://cloudresourcemanager.googleapis.com/v1/projects/writual-9ea2b:testIamPermissions  x-goog-user-project=writual-9ea2b
[debug] [2026-02-08T04:36:01.438Z] >>> [apiv2][body] POST https://cloudresourcemanager.googleapis.com/v1/projects/writual-9ea2b:testIamPermissions {"permissions":["firebase.projects.get",null]}
[debug] [2026-02-08T04:36:01.740Z] <<< [apiv2][status] POST https://cloudresourcemanager.googleapis.com/v1/projects/writual-9ea2b:testIamPermissions 200
[debug] [2026-02-08T04:36:01.741Z] <<< [apiv2][body] POST https://cloudresourcemanager.googleapis.com/v1/projects/writual-9ea2b:testIamPermissions {"permissions":["firebase.projects.get"]}
[debug] [2026-02-08T04:36:01.741Z] [iam] error while checking permissions, command may fail: Authorization failed. This account is missing the following required permissions on project writual-9ea2b:

  
[info] 
[info] === Deploying to 'writual-9ea2b'...
[info] 
[info] i  deploying apphosting 
[debug] [2026-02-08T04:36:01.745Z] Checked if tokens are valid: true, expires at: 1770527270855
[debug] [2026-02-08T04:36:01.746Z] Checked if tokens are valid: true, expires at: 1770527270855
[debug] [2026-02-08T04:36:01.746Z] >>> [apiv2][query] POST https://iam.googleapis.com/v1/projects/writual-9ea2b/serviceAccounts/firebase-app-hosting-compute@writual-9ea2b.iam.gserviceaccount.com:testIamPermissions [none]
[debug] [2026-02-08T04:36:01.746Z] >>> [apiv2][(partial)header] POST https://iam.googleapis.com/v1/projects/writual-9ea2b/serviceAccounts/firebase-app-hosting-compute@writual-9ea2b.iam.gserviceaccount.com:testIamPermissions  x-goog-user-project=writual-9ea2b
[debug] [2026-02-08T04:36:01.746Z] >>> [apiv2][body] POST https://iam.googleapis.com/v1/projects/writual-9ea2b/serviceAccounts/firebase-app-hosting-compute@writual-9ea2b.iam.gserviceaccount.com:testIamPermissions {"permissions":["iam.serviceAccounts.actAs"]}
[debug] [2026-02-08T04:36:01.985Z] <<< [apiv2][status] POST https://iam.googleapis.com/v1/projects/writual-9ea2b/serviceAccounts/firebase-app-hosting-compute@writual-9ea2b.iam.gserviceaccount.com:testIamPermissions 200
[debug] [2026-02-08T04:36:01.985Z] <<< [apiv2][body] POST https://iam.googleapis.com/v1/projects/writual-9ea2b/serviceAccounts/firebase-app-hosting-compute@writual-9ea2b.iam.gserviceaccount.com:testIamPermissions {"permissions":["iam.serviceAccounts.actAs"]}
[debug] [2026-02-08T04:36:01.986Z] Checked if tokens are valid: true, expires at: 1770527270855
[debug] [2026-02-08T04:36:01.986Z] Checked if tokens are valid: true, expires at: 1770527270855
[debug] [2026-02-08T04:36:01.986Z] >>> [apiv2][query] POST https://iam.googleapis.com/v1/projects/writual-9ea2b/serviceAccounts [none]
[debug] [2026-02-08T04:36:01.986Z] >>> [apiv2][body] POST https://iam.googleapis.com/v1/projects/writual-9ea2b/serviceAccounts {"accountId":"firebase-app-hosting-compute","serviceAccount":{"displayName":"Firebase App Hosting compute service account","description":"Default service account used to run builds and deploys for Firebase App Hosting"}}
[debug] [2026-02-08T04:36:02.258Z] <<< [apiv2][status] POST https://iam.googleapis.com/v1/projects/writual-9ea2b/serviceAccounts 409
[debug] [2026-02-08T04:36:02.258Z] <<< [apiv2][body] POST https://iam.googleapis.com/v1/projects/writual-9ea2b/serviceAccounts [omitted]
[debug] [2026-02-08T04:36:02.259Z] Checked if tokens are valid: true, expires at: 1770527270855
[debug] [2026-02-08T04:36:02.259Z] Checked if tokens are valid: true, expires at: 1770527270855
[debug] [2026-02-08T04:36:02.259Z] >>> [apiv2][query] POST https://cloudresourcemanager.googleapis.com/v1/projects/writual-9ea2b:getIamPolicy [none]
[debug] [2026-02-08T04:36:02.438Z] <<< [apiv2][status] POST https://cloudresourcemanager.googleapis.com/v1/projects/writual-9ea2b:getIamPolicy 200
[debug] [2026-02-08T04:36:02.438Z] <<< [apiv2][body] POST https://cloudresourcemanager.googleapis.com/v1/projects/writual-9ea2b:getIamPolicy {"version":1,"etag":"BwZKSEyo2Pw=","bindings":[{"role":"roles/artifactregistry.serviceAgent","members":["serviceAccount:service-410106552173@gcp-sa-artifactregistry.iam.gserviceaccount.com"]},{"role":"roles/cloudbuild.builds.builder","members":["serviceAccount:410106552173@cloudbuild.gserviceaccount.com"]},{"role":"roles/cloudbuild.serviceAgent","members":["serviceAccount:service-410106552173@gcp-sa-cloudbuild.iam.gserviceaccount.com"]},{"role":"roles/cloudfunctions.serviceAgent","members":["serviceAccount:service-410106552173@gcf-admin-robot.iam.gserviceaccount.com"]},{"role":"roles/containerregistry.ServiceAgent","members":["serviceAccount:service-410106552173@containerregistry.iam.gserviceaccount.com"]},{"role":"roles/developerconnect.readTokenAccessor","members":["serviceAccount:firebase-app-hosting-compute@writual-9ea2b.iam.gserviceaccount.com"]},{"role":"roles/developerconnect.serviceAgent","members":["serviceAccount:service-410106552173@gcp-sa-devconnect.iam.gserviceaccount.com"]},{"role":"roles/editor","members":["serviceAccount:410106552173-compute@developer.gserviceaccount.com","serviceAccount:410106552173@cloudservices.gserviceaccount.com","serviceAccount:writual-9ea2b@appspot.gserviceaccount.com"]},{"role":"roles/firebase.managementServiceAgent","members":["serviceAccount:firebase-service-account@firebase-sa-management.iam.gserviceaccount.com","serviceAccount:service-410106552173@gcp-sa-firebase.iam.gserviceaccount.com"]},{"role":"roles/firebase.sdkAdminServiceAgent","members":["serviceAccount:firebase-adminsdk-kw0ke@writual-9ea2b.iam.gserviceaccount.com","serviceAccount:firebase-app-hosting-compute@writual-9ea2b.iam.gserviceaccount.com"]},{"role":"roles/firebaseapphosting.computeRunner","members":["serviceAccount:firebase-app-hosting-compute@writual-9ea2b.iam.gserviceaccount.com"]},{"role":"roles/firebaseapphosting.serviceAgent","members":["serviceAccount:service-410106552173@gcp-sa-firebaseapphosting.iam.gserviceaccount.com"]},{"role":"roles/firebasemods.serviceAgent","members":["serviceAccount:service-410106552173@gcp-sa-firebasemods.iam.gserviceaccount.com"]},{"role":"roles/firebaserules.system","members":["serviceAccount:service-410106552173@firebase-rules.iam.gserviceaccount.com"]},{"role":"roles/iam.serviceAccountTokenCreator","members":["serviceAccount:firebase-adminsdk-kw0ke@writual-9ea2b.iam.gserviceaccount.com"]},{"role":"roles/owner","members":["user:Rory.Garcia1@gmail.com"]},{"role":"roles/run.serviceAgent","members":["serviceAccount:service-410106552173@serverless-robot-prod.iam.gserviceaccount.com"]},{"role":"roles/secretmanager.admin_withcond_aac18413807aed39cc94","members":["serviceAccount:service-410106552173@gcp-sa-devconnect.iam.gserviceaccount.com"]},{"role":"roles/storage.objectViewer","members":["serviceAccount:firebase-app-hosting-compute@writual-9ea2b.iam.gserviceaccount.com"]}]}
[debug] [2026-02-08T04:36:02.438Z] Checked if tokens are valid: true, expires at: 1770527270855
[debug] [2026-02-08T04:36:02.438Z] Checked if tokens are valid: true, expires at: 1770527270855
[debug] [2026-02-08T04:36:02.438Z] >>> [apiv2][query] POST https://cloudresourcemanager.googleapis.com/v1/projects/writual-9ea2b:setIamPolicy [none]
[debug] [2026-02-08T04:36:02.438Z] >>> [apiv2][body] POST https://cloudresourcemanager.googleapis.com/v1/projects/writual-9ea2b:setIamPolicy {"policy":{"version":1,"etag":"BwZKSEyo2Pw=","bindings":[{"role":"roles/artifactregistry.serviceAgent","members":["serviceAccount:service-410106552173@gcp-sa-artifactregistry.iam.gserviceaccount.com"]},{"role":"roles/cloudbuild.builds.builder","members":["serviceAccount:410106552173@cloudbuild.gserviceaccount.com"]},{"role":"roles/cloudbuild.serviceAgent","members":["serviceAccount:service-410106552173@gcp-sa-cloudbuild.iam.gserviceaccount.com"]},{"role":"roles/cloudfunctions.serviceAgent","members":["serviceAccount:service-410106552173@gcf-admin-robot.iam.gserviceaccount.com"]},{"role":"roles/containerregistry.ServiceAgent","members":["serviceAccount:service-410106552173@containerregistry.iam.gserviceaccount.com"]},{"role":"roles/developerconnect.readTokenAccessor","members":["serviceAccount:firebase-app-hosting-compute@writual-9ea2b.iam.gserviceaccount.com"]},{"role":"roles/developerconnect.serviceAgent","members":["serviceAccount:service-410106552173@gcp-sa-devconnect.iam.gserviceaccount.com"]},{"role":"roles/editor","members":["serviceAccount:410106552173-compute@developer.gserviceaccount.com","serviceAccount:410106552173@cloudservices.gserviceaccount.com","serviceAccount:writual-9ea2b@appspot.gserviceaccount.com"]},{"role":"roles/firebase.managementServiceAgent","members":["serviceAccount:firebase-service-account@firebase-sa-management.iam.gserviceaccount.com","serviceAccount:service-410106552173@gcp-sa-firebase.iam.gserviceaccount.com"]},{"role":"roles/firebase.sdkAdminServiceAgent","members":["serviceAccount:firebase-adminsdk-kw0ke@writual-9ea2b.iam.gserviceaccount.com","serviceAccount:firebase-app-hosting-compute@writual-9ea2b.iam.gserviceaccount.com"]},{"role":"roles/firebaseapphosting.computeRunner","members":["serviceAccount:firebase-app-hosting-compute@writual-9ea2b.iam.gserviceaccount.com"]},{"role":"roles/firebaseapphosting.serviceAgent","members":["serviceAccount:service-410106552173@gcp-sa-firebaseapphosting.iam.gserviceaccount.com"]},{"role":"roles/firebasemods.serviceAgent","members":["serviceAccount:service-410106552173@gcp-sa-firebasemods.iam.gserviceaccount.com"]},{"role":"roles/firebaserules.system","members":["serviceAccount:service-410106552173@firebase-rules.iam.gserviceaccount.com"]},{"role":"roles/iam.serviceAccountTokenCreator","members":["serviceAccount:firebase-adminsdk-kw0ke@writual-9ea2b.iam.gserviceaccount.com"]},{"role":"roles/owner","members":["user:Rory.Garcia1@gmail.com"]},{"role":"roles/run.serviceAgent","members":["serviceAccount:service-410106552173@serverless-robot-prod.iam.gserviceaccount.com"]},{"role":"roles/secretmanager.admin_withcond_aac18413807aed39cc94","members":["serviceAccount:service-410106552173@gcp-sa-devconnect.iam.gserviceaccount.com"]},{"role":"roles/storage.objectViewer","members":["serviceAccount:firebase-app-hosting-compute@writual-9ea2b.iam.gserviceaccount.com"]}]},"updateMask":"bindings"}
[debug] [2026-02-08T04:36:03.148Z] <<< [apiv2][status] POST https://cloudresourcemanager.googleapis.com/v1/projects/writual-9ea2b:setIamPolicy 200
[debug] [2026-02-08T04:36:03.149Z] <<< [apiv2][body] POST https://cloudresourcemanager.googleapis.com/v1/projects/writual-9ea2b:setIamPolicy {"version":1,"etag":"BwZKSI9VhjU=","bindings":[{"role":"roles/artifactregistry.serviceAgent","members":["serviceAccount:service-410106552173@gcp-sa-artifactregistry.iam.gserviceaccount.com"]},{"role":"roles/cloudbuild.builds.builder","members":["serviceAccount:410106552173@cloudbuild.gserviceaccount.com"]},{"role":"roles/cloudbuild.serviceAgent","members":["serviceAccount:service-410106552173@gcp-sa-cloudbuild.iam.gserviceaccount.com"]},{"role":"roles/cloudfunctions.serviceAgent","members":["serviceAccount:service-410106552173@gcf-admin-robot.iam.gserviceaccount.com"]},{"role":"roles/containerregistry.ServiceAgent","members":["serviceAccount:service-410106552173@containerregistry.iam.gserviceaccount.com"]},{"role":"roles/developerconnect.readTokenAccessor","members":["serviceAccount:firebase-app-hosting-compute@writual-9ea2b.iam.gserviceaccount.com"]},{"role":"roles/developerconnect.serviceAgent","members":["serviceAccount:service-410106552173@gcp-sa-devconnect.iam.gserviceaccount.com"]},{"role":"roles/editor","members":["serviceAccount:410106552173-compute@developer.gserviceaccount.com","serviceAccount:410106552173@cloudservices.gserviceaccount.com","serviceAccount:writual-9ea2b@appspot.gserviceaccount.com"]},{"role":"roles/firebase.managementServiceAgent","members":["serviceAccount:firebase-service-account@firebase-sa-management.iam.gserviceaccount.com","serviceAccount:service-410106552173@gcp-sa-firebase.iam.gserviceaccount.com"]},{"role":"roles/firebase.sdkAdminServiceAgent","members":["serviceAccount:firebase-adminsdk-kw0ke@writual-9ea2b.iam.gserviceaccount.com","serviceAccount:firebase-app-hosting-compute@writual-9ea2b.iam.gserviceaccount.com"]},{"role":"roles/firebaseapphosting.computeRunner","members":["serviceAccount:firebase-app-hosting-compute@writual-9ea2b.iam.gserviceaccount.com"]},{"role":"roles/firebaseapphosting.serviceAgent","members":["serviceAccount:service-410106552173@gcp-sa-firebaseapphosting.iam.gserviceaccount.com"]},{"role":"roles/firebasemods.serviceAgent","members":["serviceAccount:service-410106552173@gcp-sa-firebasemods.iam.gserviceaccount.com"]},{"role":"roles/firebaserules.system","members":["serviceAccount:service-410106552173@firebase-rules.iam.gserviceaccount.com"]},{"role":"roles/iam.serviceAccountTokenCreator","members":["serviceAccount:firebase-adminsdk-kw0ke@writual-9ea2b.iam.gserviceaccount.com"]},{"role":"roles/owner","members":["user:Rory.Garcia1@gmail.com"]},{"role":"roles/run.serviceAgent","members":["serviceAccount:service-410106552173@serverless-robot-prod.iam.gserviceaccount.com"]},{"role":"roles/secretmanager.admin_withcond_aac18413807aed39cc94","members":["serviceAccount:service-410106552173@gcp-sa-devconnect.iam.gserviceaccount.com"]},{"role":"roles/storage.objectViewer","members":["serviceAccount:firebase-app-hosting-compute@writual-9ea2b.iam.gserviceaccount.com"]}]}
[debug] [2026-02-08T04:36:03.150Z] Checked if tokens are valid: true, expires at: 1770527270855
[debug] [2026-02-08T04:36:03.150Z] Checked if tokens are valid: true, expires at: 1770527270855
[debug] [2026-02-08T04:36:03.150Z] >>> [apiv2][query] GET https://firebaseapphosting.googleapis.com/v1beta/projects/writual-9ea2b/locations/-/backends 
[debug] [2026-02-08T04:36:03.718Z] <<< [apiv2][status] GET https://firebaseapphosting.googleapis.com/v1beta/projects/writual-9ea2b/locations/-/backends 200
[debug] [2026-02-08T04:36:03.718Z] <<< [apiv2][body] GET https://firebaseapphosting.googleapis.com/v1beta/projects/writual-9ea2b/locations/-/backends {"backends":[{"name":"projects/writual-9ea2b/locations/us-central1/backends/writual-api","createTime":"2026-02-08T03:14:33.472412476Z","updateTime":"2026-02-08T03:14:33.860117Z","labels":{"deployment-tool":"cli-firebase"},"uri":"writual-api--writual-9ea2b.us-central1.hosted.app","uid":"aa9f72d3-c5be-4752-bd42-59289539c319","etag":"D0DSi9arM3n9D_XQS1hWDUcVndbMJZnwwGcfwdfo9l8","reconciling":false,"servingLocality":"GLOBAL_ACCESS","serviceAccount":"firebase-app-hosting-compute@writual-9ea2b.iam.gserviceaccount.com","appId":"1:410106552173:web:4a8c1b3456ae6b3ef48464"},{"name":"projects/writual-9ea2b/locations/us-central1/backends/writual","createTime":"2026-02-08T02:55:57.110466735Z","updateTime":"2026-02-08T02:55:57.503040Z","labels":{"deployment-tool":"cli-firebase"},"uri":"writual--writual-9ea2b.us-central1.hosted.app","uid":"18039c2a-2a13-4607-9ae8-8402cf61635d","etag":"2hOfQ99xLp7ppzR_yIgL3PS7cJPoP8oCcwAdMc-_fqw","reconciling":false,"servingLocality":"GLOBAL_ACCESS","serviceAccount":"firebase-app-hosting-compute@writual-9ea2b.iam.gserviceaccount.com","appId":"1:410106552173:web:3251373496ad81ddf48464"}]}
[info] i  apphosting: Found backend(s) writual, writual-api 
[debug] [2026-02-08T04:36:03.720Z] Checked if tokens are valid: true, expires at: 1770527270855
[debug] [2026-02-08T04:36:03.721Z] Checked if tokens are valid: true, expires at: 1770527270855
[debug] [2026-02-08T04:36:03.721Z] >>> [apiv2][query] GET https://cloudresourcemanager.googleapis.com/v1/projects/writual-9ea2b [none]
[debug] [2026-02-08T04:36:03.829Z] <<< [apiv2][status] GET https://cloudresourcemanager.googleapis.com/v1/projects/writual-9ea2b 200
[debug] [2026-02-08T04:36:03.830Z] <<< [apiv2][body] GET https://cloudresourcemanager.googleapis.com/v1/projects/writual-9ea2b {"projectNumber":"410106552173","projectId":"writual-9ea2b","lifecycleState":"ACTIVE","name":"Writual","labels":{"firebase":"enabled"},"createTime":"2020-02-27T17:45:17.829Z"}
[debug] [2026-02-08T04:36:03.831Z] Checked if tokens are valid: true, expires at: 1770527270855
[debug] [2026-02-08T04:36:03.831Z] Checked if tokens are valid: true, expires at: 1770527270855
[debug] [2026-02-08T04:36:03.831Z] Checked if tokens are valid: true, expires at: 1770527270855
[debug] [2026-02-08T04:36:03.831Z] Checked if tokens are valid: true, expires at: 1770527270855
[debug] [2026-02-08T04:36:03.831Z] >>> [apiv2][query] GET https://storage.googleapis.com/storage/v1/b?project=writual-9ea2b 
[debug] [2026-02-08T04:36:03.833Z] >>> [apiv2][query] GET https://storage.googleapis.com/storage/v1/b?project=writual-9ea2b 
[debug] [2026-02-08T04:36:04.046Z] <<< [apiv2][status] GET https://storage.googleapis.com/storage/v1/b?project=writual-9ea2b 200
[debug] [2026-02-08T04:36:04.046Z] <<< [apiv2][body] GET https://storage.googleapis.com/storage/v1/b?project=writual-9ea2b {"kind":"storage#buckets","items":[{"kind":"storage#bucket","selfLink":"https://www.googleapis.com/storage/v1/b/firebaseapphosting-sources-410106552173-us-central1","id":"firebaseapphosting-sources-410106552173-us-central1","name":"firebaseapphosting-sources-410106552173-us-central1","projectNumber":"410106552173","generation":"1770494609737314508","metageneration":"1","location":"US-CENTRAL1","storageClass":"STANDARD","etag":"CAE=","timeCreated":"2026-02-07T20:03:29.830Z","updated":"2026-02-07T20:03:29.830Z","lifecycle":{"rule":[{"action":{"type":"Delete"},"condition":{"age":30}}]},"labels":{"apphosting-source-us-central1":"true"},"softDeletePolicy":{"retentionDurationSeconds":"604800","effectiveTime":"2026-02-07T20:03:29.830Z"},"iamConfiguration":{"bucketPolicyOnly":{"enabled":false},"uniformBucketLevelAccess":{"enabled":false},"publicAccessPrevention":"inherited"},"locationType":"region","satisfiesPZI":true}]}
[debug] [2026-02-08T04:36:04.051Z] <<< [apiv2][status] GET https://storage.googleapis.com/storage/v1/b?project=writual-9ea2b 200
[debug] [2026-02-08T04:36:04.052Z] <<< [apiv2][body] GET https://storage.googleapis.com/storage/v1/b?project=writual-9ea2b {"kind":"storage#buckets","items":[{"kind":"storage#bucket","selfLink":"https://www.googleapis.com/storage/v1/b/firebaseapphosting-sources-410106552173-us-central1","id":"firebaseapphosting-sources-410106552173-us-central1","name":"firebaseapphosting-sources-410106552173-us-central1","projectNumber":"410106552173","generation":"1770494609737314508","metageneration":"1","location":"US-CENTRAL1","storageClass":"STANDARD","etag":"CAE=","timeCreated":"2026-02-07T20:03:29.830Z","updated":"2026-02-07T20:03:29.830Z","lifecycle":{"rule":[{"action":{"type":"Delete"},"condition":{"age":30}}]},"labels":{"apphosting-source-us-central1":"true"},"softDeletePolicy":{"retentionDurationSeconds":"604800","effectiveTime":"2026-02-07T20:03:29.830Z"},"iamConfiguration":{"bucketPolicyOnly":{"enabled":false},"uniformBucketLevelAccess":{"enabled":false},"publicAccessPrevention":"inherited"},"locationType":"region","satisfiesPZI":true}]}
[info] i  apphosting: Zipped source for backend writual-api 
[info] i  apphosting: Uploading source for backend writual-api... 
[debug] [2026-02-08T04:36:08.849Z] Checked if tokens are valid: true, expires at: 1770527270855
[debug] [2026-02-08T04:36:08.849Z] Checked if tokens are valid: true, expires at: 1770527270855
[debug] [2026-02-08T04:36:08.849Z] >>> [apiv2][query] PUT https://storage.googleapis.com/firebaseapphosting-sources-410106552173-us-central1/writual-api--51869-19dWB0V6LiRj-.zip [none]
[debug] [2026-02-08T04:36:08.849Z] >>> [apiv2][body] PUT https://storage.googleapis.com/firebaseapphosting-sources-410106552173-us-central1/writual-api--51869-19dWB0V6LiRj-.zip [stream]
[info] i  apphosting: Zipped source for backend writual 
[info] i  apphosting: Uploading source for backend writual... 
[debug] [2026-02-08T04:36:08.851Z] Checked if tokens are valid: true, expires at: 1770527270855
[debug] [2026-02-08T04:36:08.851Z] Checked if tokens are valid: true, expires at: 1770527270855
[debug] [2026-02-08T04:36:08.851Z] >>> [apiv2][query] PUT https://storage.googleapis.com/firebaseapphosting-sources-410106552173-us-central1/writual--51869-kIjp04XhRuQ6-.zip [none]
[debug] [2026-02-08T04:36:08.851Z] >>> [apiv2][body] PUT https://storage.googleapis.com/firebaseapphosting-sources-410106552173-us-central1/writual--51869-kIjp04XhRuQ6-.zip [stream]
[debug] [2026-02-08T04:36:37.569Z] <<< [apiv2][status] PUT https://storage.googleapis.com/firebaseapphosting-sources-410106552173-us-central1/writual--51869-kIjp04XhRuQ6-.zip 400
[debug] [2026-02-08T04:36:37.569Z] <<< [apiv2][body] PUT https://storage.googleapis.com/firebaseapphosting-sources-410106552173-us-central1/writual--51869-kIjp04XhRuQ6-.zip "<?xml version='1.0' encoding='UTF-8'?><Error><Code>EntityTooLarge</Code><Message>Your proposed upload is larger than the maximum object size specified in your Policy Document.</Message><Details>Content-length exceeds upper bound on range</Details></Error>"
[error] 
[error] Error: Unable to parse JSON: SyntaxError: Unexpected token '<', "<?xml vers"... is not valid JSON
